c:\users\jola\source\repos\sudokugame\sudokugame\debug\vc142.pdb
c:\users\jola\source\repos\sudokugame\sudokugame\debug\vc142.idb
c:\users\jola\source\repos\sudokugame\sudokugame\debug\sudokugame.obj
c:\users\jola\source\repos\sudokugame\sudokugame\debug\helperfunctions.obj
c:\users\jola\source\repos\sudokugame\sudokugame\debug\cell.obj
c:\users\jola\source\repos\sudokugame\sudokugame\debug\board.obj
c:\users\jola\source\repos\sudokugame\sudokugame\debug\main.obj
c:\users\jola\source\repos\sudokugame\sudokugame\debug\gameplay.obj
c:\users\jola\source\repos\sudokugame\sudokugame\debug\user.obj
c:\users\jola\source\repos\sudokugame\sudokugame\debug\interface.obj
c:\users\jola\source\repos\sudokugame\sudokugame\debug\users.obj
c:\users\jola\source\repos\sudokugame\debug\sudokugame.exe
c:\users\jola\source\repos\sudokugame\sudokugame\debug\sudokugame.ilk
c:\users\jola\source\repos\sudokugame\debug\sudokugame.pdb
c:\users\jola\source\repos\sudokugame\sudokugame\debug\sudokugame.tlog\cl.command.1.tlog
c:\users\jola\source\repos\sudokugame\sudokugame\debug\sudokugame.tlog\cl.read.1.tlog
c:\users\jola\source\repos\sudokugame\sudokugame\debug\sudokugame.tlog\cl.write.1.tlog
c:\users\jola\source\repos\sudokugame\sudokugame\debug\sudokugame.tlog\link.command.1.tlog
c:\users\jola\source\repos\sudokugame\sudokugame\debug\sudokugame.tlog\link.read.1.tlog
c:\users\jola\source\repos\sudokugame\sudokugame\debug\sudokugame.tlog\link.write.1.tlog
